<?xml version="1.0" encoding="UTF-8"?>
<testng-results ignored="0" total="2" passed="2" failed="0" skipped="0">
  <reporter-output>
  </reporter-output>
  <suite started-at="2025-12-10T21:00:11 ICT" name="Surefire suite" finished-at="2025-12-10T21:00:12 ICT" duration-ms="91">
    <groups>
    </groups>
    <test started-at="2025-12-10T21:00:11 ICT" name="Surefire test" finished-at="2025-12-10T21:00:12 ICT" duration-ms="91">
      <class name="CalculatorTest">
        <test-method signature="testAdd()[pri:0, instance:CalculatorTest@17c1bced]" started-at="2025-12-10T21:00:12 ICT" name="testAdd" finished-at="2025-12-10T21:00:12 ICT" duration-ms="12" status="PASS">
          <reporter-output>
          </reporter-output>
        </test-method> <!-- testAdd -->
        <test-method signature="testSub()[pri:0, instance:CalculatorTest@17c1bced]" started-at="2025-12-10T21:00:12 ICT" name="testSub" finished-at="2025-12-10T21:00:12 ICT" duration-ms="0" status="PASS">
          <reporter-output>
          </reporter-output>
        </test-method> <!-- testSub -->
      </class> <!-- CalculatorTest -->
    </test> <!-- Surefire test -->
  </suite> <!-- Surefire suite -->
</testng-results>
