<?xml version="1.0" encoding="UTF-8"?>
<testng-results ignored="0" total="2" passed="2" failed="0" skipped="0">
  <reporter-output>
  </reporter-output>
  <suite started-at="2025-12-10T20:57:43 ICT" name="Default suite" finished-at="2025-12-10T20:57:43 ICT" duration-ms="62">
    <groups>
    </groups>
    <test started-at="2025-12-10T20:57:43 ICT" name="Default test" finished-at="2025-12-10T20:57:43 ICT" duration-ms="62">
      <class name="CalculatorTest">
        <test-method signature="testAdd()[pri:0, instance:CalculatorTest@6572421]" started-at="2025-12-10T20:57:43 ICT" name="testAdd" finished-at="2025-12-10T20:57:43 ICT" duration-ms="10" status="PASS">
          <reporter-output>
          </reporter-output>
        </test-method> <!-- testAdd -->
        <test-method signature="testSub()[pri:0, instance:CalculatorTest@6572421]" started-at="2025-12-10T20:57:43 ICT" name="testSub" finished-at="2025-12-10T20:57:43 ICT" duration-ms="1" status="PASS">
          <reporter-output>
          </reporter-output>
        </test-method> <!-- testSub -->
      </class> <!-- CalculatorTest -->
    </test> <!-- Default test -->
  </suite> <!-- Default suite -->
</testng-results>
